This is pdfTeX, Version 3.1415926-2.4-1.40.13 (MiKTeX 2.9 64-bit) (preloaded format=pdflatex 2013.10.17)  11 JAN 2016 11:14
entering extended mode
**gama_opt.tex
(D:\LaTex_Files\Gama-Opt\gama_opt.tex
LaTeX2e <2011/06/27>
Babel <v3.8m> and hyphenation patterns for english, afrikaans, ancientgreek, ar
abic, armenian, assamese, basque, bengali, bokmal, bulgarian, catalan, coptic, 
croatian, czech, danish, dutch, esperanto, estonian, farsi, finnish, french, ga
lician, german, german-x-2012-05-30, greek, gujarati, hindi, hungarian, iceland
ic, indonesian, interlingua, irish, italian, kannada, kurmanji, latin, latvian,
 lithuanian, malayalam, marathi, mongolian, mongolianlmc, monogreek, ngerman, n
german-x-2012-05-30, nynorsk, oriya, panjabi, pinyin, polish, portuguese, roman
ian, russian, sanskrit, serbian, slovak, slovenian, spanish, swedish, swissgerm
an, tamil, telugu, turkish, turkmen, ukenglish, ukrainian, uppersorbian, usengl
ishmax, welsh, loaded.
(D:\LaTex_Files\Gama-Opt\IEEEtran.cls
Document Class: IEEEtran 2012/11/21 V1.8c by Harald Hanche-Olsen and Anders Chr
istensen
-- Based on V1.7a by Michael Shell
-- See the "IEEEtran_HOWTO" manual for usage information.
-- http://www.michaelshell.org/tex/ieeetran/
\@IEEEtrantmpdimenA=\dimen102
\@IEEEtrantmpdimenB=\dimen103
\@IEEEtrantmpcountA=\count79
\@IEEEtrantmpcountB=\count80
\@IEEEtrantmptoksA=\toks14
LaTeX Font Info:    Try loading font information for OT1+ptm on input line 373.

("D:\MiKTeX 2.9\tex\latex\psnfss\ot1ptm.fd"
File: ot1ptm.fd 2001/06/04 font definitions for OT1/ptm.
)
-- Using 8.5in x 11in (letter) paper.
-- Using PDF output.
\@IEEEnormalsizeunitybaselineskip=\dimen104
-- This is a 10 point document.
\CLASSINFOnormalsizebaselineskip=\dimen105
\CLASSINFOnormalsizeunitybaselineskip=\dimen106
\IEEEnormaljot=\dimen107
LaTeX Font Info:    Font shape `OT1/ptm/bx/n' in size <5> not available
(Font)              Font shape `OT1/ptm/b/n' tried instead on input line 731.
LaTeX Font Info:    Font shape `OT1/ptm/bx/it' in size <5> not available
(Font)              Font shape `OT1/ptm/b/it' tried instead on input line 731.
LaTeX Font Info:    Font shape `OT1/ptm/bx/n' in size <7> not available
(Font)              Font shape `OT1/ptm/b/n' tried instead on input line 731.
LaTeX Font Info:    Font shape `OT1/ptm/bx/it' in size <7> not available
(Font)              Font shape `OT1/ptm/b/it' tried instead on input line 731.
LaTeX Font Info:    Font shape `OT1/ptm/bx/n' in size <8> not available
(Font)              Font shape `OT1/ptm/b/n' tried instead on input line 731.
LaTeX Font Info:    Font shape `OT1/ptm/bx/it' in size <8> not available
(Font)              Font shape `OT1/ptm/b/it' tried instead on input line 731.
LaTeX Font Info:    Font shape `OT1/ptm/bx/n' in size <9> not available
(Font)              Font shape `OT1/ptm/b/n' tried instead on input line 731.
LaTeX Font Info:    Font shape `OT1/ptm/bx/it' in size <9> not available
(Font)              Font shape `OT1/ptm/b/it' tried instead on input line 731.
LaTeX Font Info:    Font shape `OT1/ptm/bx/n' in size <10> not available
(Font)              Font shape `OT1/ptm/b/n' tried instead on input line 731.
LaTeX Font Info:    Font shape `OT1/ptm/bx/it' in size <10> not available
(Font)              Font shape `OT1/ptm/b/it' tried instead on input line 731.
LaTeX Font Info:    Font shape `OT1/ptm/bx/n' in size <11> not available
(Font)              Font shape `OT1/ptm/b/n' tried instead on input line 731.
LaTeX Font Info:    Font shape `OT1/ptm/bx/it' in size <11> not available
(Font)              Font shape `OT1/ptm/b/it' tried instead on input line 731.
LaTeX Font Info:    Font shape `OT1/ptm/bx/n' in size <12> not available
(Font)              Font shape `OT1/ptm/b/n' tried instead on input line 731.
LaTeX Font Info:    Font shape `OT1/ptm/bx/it' in size <12> not available
(Font)              Font shape `OT1/ptm/b/it' tried instead on input line 731.
LaTeX Font Info:    Font shape `OT1/ptm/bx/n' in size <17> not available
(Font)              Font shape `OT1/ptm/b/n' tried instead on input line 731.
LaTeX Font Info:    Font shape `OT1/ptm/bx/it' in size <17> not available
(Font)              Font shape `OT1/ptm/b/it' tried instead on input line 731.
LaTeX Font Info:    Font shape `OT1/ptm/bx/n' in size <20> not available
(Font)              Font shape `OT1/ptm/b/n' tried instead on input line 731.
LaTeX Font Info:    Font shape `OT1/ptm/bx/it' in size <20> not available
(Font)              Font shape `OT1/ptm/b/it' tried instead on input line 731.
LaTeX Font Info:    Font shape `OT1/ptm/bx/n' in size <24> not available
(Font)              Font shape `OT1/ptm/b/n' tried instead on input line 731.
LaTeX Font Info:    Font shape `OT1/ptm/bx/it' in size <24> not available
(Font)              Font shape `OT1/ptm/b/it' tried instead on input line 731.
\IEEEilabelindentA=\dimen108
\IEEEilabelindentB=\dimen109
\IEEEilabelindent=\dimen110
\IEEEelabelindent=\dimen111
\IEEEdlabelindent=\dimen112
\IEEElabelindent=\dimen113
\IEEEiednormlabelsep=\dimen114
\IEEEiedmathlabelsep=\dimen115
\IEEEiedtopsep=\skip41
\c@section=\count81
\c@subsection=\count82
\c@subsubsection=\count83
\c@paragraph=\count84
\c@IEEEsubequation=\count85
\abovecaptionskip=\skip42
\belowcaptionskip=\skip43
\c@figure=\count86
\c@table=\count87
\@IEEEeqnnumcols=\count88
\@IEEEeqncolcnt=\count89
\@IEEEtmpitemindent=\dimen116
\c@IEEEbiography=\count90
\@IEEEtranrubishbin=\box26
) ("D:\MiKTeX 2.9\tex\latex\graphics\graphicx.sty"
Package: graphicx 1999/02/16 v1.0f Enhanced LaTeX Graphics (DPC,SPQR)

("D:\MiKTeX 2.9\tex\latex\graphics\keyval.sty"
Package: keyval 1999/03/16 v1.13 key=value parser (DPC)
\KV@toks@=\toks15
)
("D:\MiKTeX 2.9\tex\latex\graphics\graphics.sty"
Package: graphics 2009/02/05 v1.0o Standard LaTeX Graphics (DPC,SPQR)

("D:\MiKTeX 2.9\tex\latex\graphics\trig.sty"
Package: trig 1999/03/16 v1.09 sin cos tan (DPC)
)
("D:\MiKTeX 2.9\tex\latex\00miktex\graphics.cfg"
File: graphics.cfg 2007/01/18 v1.5 graphics configuration of teTeX/TeXLive
)
Package graphics Info: Driver file: pdftex.def on input line 91.

("D:\MiKTeX 2.9\tex\latex\pdftex-def\pdftex.def"
File: pdftex.def 2011/05/27 v0.06d Graphics/color for pdfTeX

("D:\MiKTeX 2.9\tex\generic\oberdiek\infwarerr.sty"
Package: infwarerr 2010/04/08 v1.3 Providing info/warning/error messages (HO)
)
("D:\MiKTeX 2.9\tex\generic\oberdiek\ltxcmds.sty"
Package: ltxcmds 2011/11/09 v1.22 LaTeX kernel commands for general use (HO)
)
\Gread@gobject=\count91
))
\Gin@req@height=\dimen117
\Gin@req@width=\dimen118
)
("D:\MiKTeX 2.9\tex\latex\booktabs\booktabs.sty"
Package: booktabs 2005/04/14 v1.61803 publication quality tables
\heavyrulewidth=\dimen119
\lightrulewidth=\dimen120
\cmidrulewidth=\dimen121
\belowrulesep=\dimen122
\belowbottomsep=\dimen123
\aboverulesep=\dimen124
\abovetopsep=\dimen125
\cmidrulesep=\dimen126
\cmidrulekern=\dimen127
\defaultaddspace=\dimen128
\@cmidla=\count92
\@cmidlb=\count93
\@aboverulesep=\dimen129
\@belowrulesep=\dimen130
\@thisruleclass=\count94
\@lastruleclass=\count95
\@thisrulewidth=\dimen131
)
("D:\MiKTeX 2.9\tex\latex\subfig\subfig.sty"
Package: subfig 2005/06/28 ver: 1.3 subfig package

("D:\MiKTeX 2.9\tex\latex\caption\caption.sty"
Package: caption 2013/05/02 v3.3-89 Customizing captions (AR)

("D:\MiKTeX 2.9\tex\latex\caption\caption3.sty"
Package: caption3 2013/05/02 v1.6-88 caption3 kernel (AR)
Package caption3 Info: TeX engine: e-TeX on input line 57.
\captionmargin=\dimen132
\captionmargin@=\dimen133
\captionwidth=\dimen134
\caption@tempdima=\dimen135
\caption@indent=\dimen136
\caption@parindent=\dimen137
\caption@hangindent=\dimen138
Package caption Info: Unknown document class (or package),
(caption)             standard defaults will be used.
)

Package caption Warning: Unsupported document class (or package) detected,
(caption)                usage of the caption package is not recommended.
See the caption package documentation for explanation.

Package caption Info: \@makecaption = \long macro:#1#2->\ifx \@captype \@IEEEta
blestring \footnotesize {\centering \normalfont \footnotesize #1.\qquad \scshap
e #2\par }\@IEEEtablecaptionsepspace \else \@IEEEfigurecaptionsepspace \setbox 
\@tempboxa \hbox {\normalfont \footnotesize {#1.}~~ #2}\ifdim \wd \@tempboxa >\
hsize \setbox \@tempboxa \hbox {\normalfont \footnotesize {#1.}~~ }\parbox [t]{
\hsize }{\normalfont \footnotesize \noindent \unhbox \@tempboxa #2}\else \ifCLA
SSOPTIONconference \hbox to\hsize {\normalfont \footnotesize \box \@tempboxa \h
fil }\else \hbox to\hsize {\normalfont \footnotesize \box \@tempboxa \hfil }\fi
 \fi \fi .
\c@ContinuedFloat=\count96
)
\c@KVtest=\count97
\sf@farskip=\skip44
\sf@captopadj=\dimen139
\sf@capskip=\skip45
\sf@nearskip=\skip46
\c@subfigure=\count98
\c@subfigure@save=\count99
\c@lofdepth=\count100
\c@subtable=\count101
\c@subtable@save=\count102
\c@lotdepth=\count103
\sf@top=\skip47
\sf@bottom=\skip48
) ("D:\MiKTeX 2.9\tex\latex\lipsum\lipsum.sty"
Package: lipsum 2011/04/14 v1.2 150 paragraphs of Lorem Ipsum dummy text
\c@lips@count=\count104
)
("D:\MiKTeX 2.9\tex\latex\tools\array.sty"
Package: array 2008/09/09 v2.4c Tabular extension package (FMi)
\col@sep=\dimen140
\extrarowheight=\dimen141
\NC@list=\toks16
\extratabsurround=\skip49
\backup@length=\skip50
)
("D:\MiKTeX 2.9\tex\latex\algorithms\algorithm.sty"
Package: algorithm 2009/08/24 v0.1 Document Style `algorithm' - floating enviro
nment

("D:\MiKTeX 2.9\tex\latex\float\float.sty"
Package: float 2001/11/08 v1.3d Float enhancements (AL)
\c@float@type=\count105
\float@exts=\toks17
\float@box=\box27
\@float@everytoks=\toks18
\@floatcapt=\box28
)
("D:\MiKTeX 2.9\tex\latex\base\ifthen.sty"
Package: ifthen 2001/05/26 v1.1c Standard LaTeX ifthen package (DPC)
)
\@float@every@algorithm=\toks19
\c@algorithm=\count106
)
("D:\MiKTeX 2.9\tex\latex\amsmath\amsmath.sty"
Package: amsmath 2013/01/14 v2.14 AMS math features
\@mathmargin=\skip51

For additional information on amsmath, use the `?' option.
("D:\MiKTeX 2.9\tex\latex\amsmath\amstext.sty"
Package: amstext 2000/06/29 v2.01

("D:\MiKTeX 2.9\tex\latex\amsmath\amsgen.sty"
File: amsgen.sty 1999/11/30 v2.0
\@emptytoks=\toks20
\ex@=\dimen142
))
("D:\MiKTeX 2.9\tex\latex\amsmath\amsbsy.sty"
Package: amsbsy 1999/11/29 v1.2d
\pmbraise@=\dimen143
)
("D:\MiKTeX 2.9\tex\latex\amsmath\amsopn.sty"
Package: amsopn 1999/12/14 v2.01 operator names
)
\inf@bad=\count107
LaTeX Info: Redefining \frac on input line 210.
\uproot@=\count108
\leftroot@=\count109
LaTeX Info: Redefining \overline on input line 306.
\classnum@=\count110
\DOTSCASE@=\count111
LaTeX Info: Redefining \ldots on input line 378.
LaTeX Info: Redefining \dots on input line 381.
LaTeX Info: Redefining \cdots on input line 466.
\Mathstrutbox@=\box29
\strutbox@=\box30
\big@size=\dimen144
LaTeX Font Info:    Redeclaring font encoding OML on input line 566.
LaTeX Font Info:    Redeclaring font encoding OMS on input line 567.
\macc@depth=\count112
\c@MaxMatrixCols=\count113
\dotsspace@=\muskip10
\c@parentequation=\count114
\dspbrk@lvl=\count115
\tag@help=\toks21
\row@=\count116
\column@=\count117
\maxfields@=\count118
\andhelp@=\toks22
\eqnshift@=\dimen145
\alignsep@=\dimen146
\tagshift@=\dimen147
\tagwidth@=\dimen148
\totwidth@=\dimen149
\lineht@=\dimen150
\@envbody=\toks23
\multlinegap=\skip52
\multlinetaggap=\skip53
\mathdisplay@stack=\toks24
LaTeX Info: Redefining \[ on input line 2665.
LaTeX Info: Redefining \] on input line 2666.
)
("D:\MiKTeX 2.9\tex\latex\algorithms\algorithmic.sty"
Package: algorithmic 2009/08/24 v0.1 Document Style `algorithmic'
\c@ALC@unique=\count119
\c@ALC@line=\count120
\c@ALC@rem=\count121
\c@ALC@depth=\count122
\ALC@tlm=\skip54
\algorithmicindent=\skip55
)
("D:\MiKTeX 2.9\tex\latex\graphics\color.sty"
Package: color 2005/11/14 v1.0j Standard LaTeX Color (DPC)

("D:\MiKTeX 2.9\tex\latex\00miktex\color.cfg"
File: color.cfg 2007/01/18 v1.5 color configuration of teTeX/TeXLive
)
Package color Info: Driver file: pdftex.def on input line 130.
)
("D:\MiKTeX 2.9\tex\latex\soul\soul.sty"
Package: soul 2003/11/17 v2.4 letterspacing/underlining (mf)
\SOUL@word=\toks25
\SOUL@lasttoken=\toks26
\SOUL@cmds=\toks27
\SOUL@buffer=\toks28
\SOUL@token=\toks29
\SOUL@spaceskip=\skip56
\SOUL@ttwidth=\dimen151
\SOUL@uldp=\dimen152
\SOUL@ulht=\dimen153
)
("D:\MiKTeX 2.9\tex\latex\oberdiek\epstopdf.sty"
Package: epstopdf 2010/02/09 v2.5 Conversion with epstopdf on the fly (HO)

("D:\MiKTeX 2.9\tex\latex\oberdiek\epstopdf-base.sty"
Package: epstopdf-base 2010/02/09 v2.5 Base part for package epstopdf

("D:\MiKTeX 2.9\tex\latex\oberdiek\grfext.sty"
Package: grfext 2010/08/19 v1.1 Manage graphics extensions (HO)

("D:\MiKTeX 2.9\tex\generic\oberdiek\kvdefinekeys.sty"
Package: kvdefinekeys 2011/04/07 v1.3 Define keys (HO)
))
("D:\MiKTeX 2.9\tex\latex\oberdiek\kvoptions.sty"
Package: kvoptions 2011/06/30 v3.11 Key value format for package options (HO)

("D:\MiKTeX 2.9\tex\generic\oberdiek\kvsetkeys.sty"
Package: kvsetkeys 2012/04/25 v1.16 Key value parser (HO)

("D:\MiKTeX 2.9\tex\generic\oberdiek\etexcmds.sty"
Package: etexcmds 2011/02/16 v1.5 Avoid name clashes with e-TeX commands (HO)

("D:\MiKTeX 2.9\tex\generic\oberdiek\ifluatex.sty"
Package: ifluatex 2010/03/01 v1.3 Provides the ifluatex switch (HO)
Package ifluatex Info: LuaTeX not detected.
)
Package etexcmds Info: Could not find \expanded.
(etexcmds)             That can mean that you are not using pdfTeX 1.50 or
(etexcmds)             that some package has redefined \expanded.
(etexcmds)             In the latter case, load this package earlier.
)))
("D:\MiKTeX 2.9\tex\generic\oberdiek\pdftexcmds.sty"
Package: pdftexcmds 2011/11/29 v0.20 Utility functions of pdfTeX for LuaTeX (HO
)

("D:\MiKTeX 2.9\tex\generic\oberdiek\ifpdf.sty"
Package: ifpdf 2011/01/30 v2.3 Provides the ifpdf switch (HO)
Package ifpdf Info: pdfTeX in PDF mode is detected.
)
Package pdftexcmds Info: LuaTeX not detected.
Package pdftexcmds Info: \pdf@primitive is available.
Package pdftexcmds Info: \pdf@ifprimitive is available.
Package pdftexcmds Info: \pdfdraftmode found.
)
Package grfext Info: Graphics extension search list:
(grfext)             [.png,.pdf,.jpg,.mps,.jpeg,.jbig2,.jb2,.PNG,.PDF,.JPG,.JPE
G,.JBIG2,.JB2,.eps]
(grfext)             \AppendGraphicsExtensions on input line 452.
))
\c@theorem=\count123
\c@corollary=\count124
\c@lemma=\count125

(D:\LaTex_Files\Gama-Opt\gama_opt.aux

LaTeX Warning: Label `alg:1' multiply defined.

)
LaTeX Font Info:    Checking defaults for OML/cmm/m/it on input line 371.
LaTeX Font Info:    ... okay on input line 371.
LaTeX Font Info:    Checking defaults for T1/cmr/m/n on input line 371.
LaTeX Font Info:    ... okay on input line 371.
LaTeX Font Info:    Checking defaults for OT1/cmr/m/n on input line 371.
LaTeX Font Info:    ... okay on input line 371.
LaTeX Font Info:    Checking defaults for OMS/cmsy/m/n on input line 371.
LaTeX Font Info:    ... okay on input line 371.
LaTeX Font Info:    Checking defaults for OMX/cmex/m/n on input line 371.
LaTeX Font Info:    ... okay on input line 371.
LaTeX Font Info:    Checking defaults for U/cmr/m/n on input line 371.
LaTeX Font Info:    ... okay on input line 371.
 ("D:\MiKTeX 2.9\tex\context\base\supp-pdf.mkii"
[Loading MPS to PDF converter (version 2006.09.02).]
\scratchcounter=\count126
\scratchdimen=\dimen154
\scratchbox=\box31
\nofMPsegments=\count127
\nofMParguments=\count128
\everyMPshowfont=\toks30
\MPscratchCnt=\count129
\MPscratchDim=\dimen155
\MPnumerator=\count130
\makeMPintoPDFobject=\count131
\everyMPtoPDFconversion=\toks31
)
Package caption Info: Begin \AtBeginDocument code.
Package caption Info: subfig package v1.3 is loaded.
Package caption Info: float package is loaded.
Package caption Info: End \AtBeginDocument code.
 (D:\LaTex_Files\Gama-Opt\gama_intro.tex
Underfull \hbox (badness 3138) in paragraph at lines 6--10
[]\OT1/ptm/m/n/10 Transferring the knowl-edge be-tween dif-fer-ent im-age
 []

<fig/negative.png, id=1, 353.06906pt x 268.75406pt>
File: fig/negative.png Graphic file (type png)
 <use fig/negative.png>
Package pdftex.def Info: fig/negative.png used on input line 17.
(pdftex.def)             Requested size: 176.53409pt x 134.3767pt.

<fig/domain.jpg, id=2, 382.5492pt x 192.84045pt>
File: fig/domain.jpg Graphic file (type jpg)
 <use fig/domain.jpg>
Package pdftex.def Info: fig/domain.jpg used on input line 22.
(pdftex.def)             Requested size: 153.01695pt x 77.13481pt.
 [1{C:/ProgramData/MiKTeX/2.9/pdftex/config/pdftex.map}


])
(D:\LaTex_Files\Gama-Opt\statement.tex [2 <D:/LaTex_Files/Gama-Opt/fig/negative
.png> <D:/LaTex_Files/Gama-Opt/fig/domain.jpg>]
(D:\LaTex_Files\Gama-Opt\gama_explain.tex
<fig/combine.png, id=26, 602.25pt x 360.59718pt>
File: fig/combine.png Graphic file (type png)
 <use fig/combine.png>
Package pdftex.def Info: fig/combine.png used on input line 8.
(pdftex.def)             Requested size: 240.89572pt x 144.23631pt.
))
(D:\LaTex_Files\Gama-Opt\smitle.tex [3 <D:/LaTex_Files/Gama-Opt/fig/combine.png
>]
Overfull \hbox (26.85945pt too wide) detected at line 69
[] []
 []


Overfull \hbox (5.56476pt too wide) detected at line 79
[] \OT1/cmr/m/n/10 = []
 []

[4] (D:\LaTex_Files\Gama-Opt\agl1.tex)) (D:\LaTex_Files\Gama-Opt\gama_exp.tex
Underfull \hbox (badness 10000) in paragraph at lines 1--1
[][][]\OT1/ptm/m/n/8 The fea-tures of AwA dataset is avail-able from
 []


Underfull \hbox (badness 10000) in paragraph at lines 1--1
[][][]\OT1/ptm/m/n/8 Images for Caltech-256 is avail-able from
 []

[5]
Package epstopdf Info: Source file: <fig/A2A_horse.eps>
(epstopdf)                    date: 2015-10-26 10:09:59
(epstopdf)                    size: 11356 bytes
(epstopdf)             Output file: <fig/A2A_horse-eps-converted-to.pdf>
(epstopdf)                    date: 2015-10-26 10:10:03
(epstopdf)                    size: 4779 bytes
(epstopdf)             Command: <epstopdf --outfile=fig/A2A_horse-eps-converted
-to.pdf fig/A2A_horse.eps>
(epstopdf)             \includegraphics on input line 38.
Package epstopdf Info: Output file is already uptodate.
 <fig/A2A_horse-eps-converted-to.pdf, id=40, 451.6875pt x 376.40625pt>
File: fig/A2A_horse-eps-converted-to.pdf Graphic file (type pdf)

<use fig/A2A_horse-eps-converted-to.pdf>
Package pdftex.def Info: fig/A2A_horse-eps-converted-to.pdf used on input line 
38.
(pdftex.def)             Requested size: 180.67178pt x 150.55983pt.
Package epstopdf Info: Source file: <fig/A2A_gama.eps>
(epstopdf)                    date: 2015-11-05 15:43:44
(epstopdf)                    size: 14961 bytes
(epstopdf)             Output file: <fig/A2A_gama-eps-converted-to.pdf>
(epstopdf)                    date: 2015-11-05 15:43:49
(epstopdf)                    size: 5126 bytes
(epstopdf)             Command: <epstopdf --outfile=fig/A2A_gama-eps-converted-
to.pdf fig/A2A_gama.eps>
(epstopdf)             \includegraphics on input line 39.
Package epstopdf Info: Output file is already uptodate.

<fig/A2A_gama-eps-converted-to.pdf, id=41, 676.5275pt x 376.40625pt>
File: fig/A2A_gama-eps-converted-to.pdf Graphic file (type pdf)

<use fig/A2A_gama-eps-converted-to.pdf>
Package pdftex.def Info: fig/A2A_gama-eps-converted-to.pdf used on input line 3
9.
(pdftex.def)             Requested size: 270.6062pt x 150.55983pt.
Package epstopdf Info: Source file: <fig/A2C_horse.eps>
(epstopdf)                    date: 2015-10-26 10:09:09
(epstopdf)                    size: 12306 bytes
(epstopdf)             Output file: <fig/A2C_horse-eps-converted-to.pdf>
(epstopdf)                    date: 2015-10-26 10:10:04
(epstopdf)                    size: 5290 bytes
(epstopdf)             Command: <epstopdf --outfile=fig/A2C_horse-eps-converted
-to.pdf fig/A2C_horse.eps>
(epstopdf)             \includegraphics on input line 101.
Package epstopdf Info: Output file is already uptodate.

<fig/A2C_horse-eps-converted-to.pdf, id=42, 451.6875pt x 376.40625pt>
File: fig/A2C_horse-eps-converted-to.pdf Graphic file (type pdf)

<use fig/A2C_horse-eps-converted-to.pdf>
Package pdftex.def Info: fig/A2C_horse-eps-converted-to.pdf used on input line 
101.
(pdftex.def)             Requested size: 180.67178pt x 150.55983pt.
Package epstopdf Info: Source file: <fig/A2C_gama.eps>
(epstopdf)                    date: 2015-11-05 15:45:30
(epstopdf)                    size: 14842 bytes
(epstopdf)             Output file: <fig/A2C_gama-eps-converted-to.pdf>
(epstopdf)                    date: 2015-11-05 15:45:34
(epstopdf)                    size: 5124 bytes
(epstopdf)             Command: <epstopdf --outfile=fig/A2C_gama-eps-converted-
to.pdf fig/A2C_gama.eps>
(epstopdf)             \includegraphics on input line 102.
Package epstopdf Info: Output file is already uptodate.

<fig/A2C_gama-eps-converted-to.pdf, id=43, 676.5275pt x 376.40625pt>
File: fig/A2C_gama-eps-converted-to.pdf Graphic file (type pdf)

<use fig/A2C_gama-eps-converted-to.pdf>
Package pdftex.def Info: fig/A2C_gama-eps-converted-to.pdf used on input line 1
02.
(pdftex.def)             Requested size: 270.6062pt x 150.55983pt.
 [6]
Underfull \vbox (badness 7344) has occurred while \output is active []

Package epstopdf Info: Source file: <fig/A2A_bad/A2A_bad_3c_3.eps>
(epstopdf)                    date: 2015-11-02 11:35:56
(epstopdf)                    size: 11633 bytes
(epstopdf)             Output file: <fig/A2A_bad/A2A_bad_3c_3-eps-converted-to.
pdf>
(epstopdf)                    date: 2015-11-02 11:36:58
(epstopdf)                    size: 5286 bytes
(epstopdf)             Command: <epstopdf --outfile=fig/A2A_bad/A2A_bad_3c_3-ep
s-converted-to.pdf fig/A2A_bad/A2A_bad_3c_3.eps>
(epstopdf)             \includegraphics on input line 137.
Package epstopdf Info: Output file is already uptodate.

<fig/A2A_bad/A2A_bad_3c_3-eps-converted-to.pdf, id=47, 420.57124pt x 316.18124p
t>
File: fig/A2A_bad/A2A_bad_3c_3-eps-converted-to.pdf Graphic file (type pdf)
 <use fig/A2A_bad/A2A_bad_3c_3-eps-converted-to.pdf>
Package pdftex.def Info: fig/A2A_bad/A2A_bad_3c_3-eps-converted-to.pdf used on 
input line 137.
(pdftex.def)             Requested size: 94.3341pt x 70.9206pt.
Package epstopdf Info: Source file: <fig/A2A_bad/A2A_bad_3c_2.eps>
(epstopdf)                    date: 2015-11-02 11:36:04
(epstopdf)                    size: 10436 bytes
(epstopdf)             Output file: <fig/A2A_bad/A2A_bad_3c_2-eps-converted-to.
pdf>
(epstopdf)                    date: 2015-11-02 11:36:58
(epstopdf)                    size: 4698 bytes
(epstopdf)             Command: <epstopdf --outfile=fig/A2A_bad/A2A_bad_3c_2-ep
s-converted-to.pdf fig/A2A_bad/A2A_bad_3c_2.eps>
(epstopdf)             \includegraphics on input line 138.
Package epstopdf Info: Output file is already uptodate.

<fig/A2A_bad/A2A_bad_3c_2-eps-converted-to.pdf, id=48, 420.57124pt x 316.18124p
t>
File: fig/A2A_bad/A2A_bad_3c_2-eps-converted-to.pdf Graphic file (type pdf)
 <use fig/A2A_bad/A2A_bad_3c_2-eps-converted-to.pdf>
Package pdftex.def Info: fig/A2A_bad/A2A_bad_3c_2-eps-converted-to.pdf used on 
input line 138.
(pdftex.def)             Requested size: 94.3341pt x 70.9206pt.
Package epstopdf Info: Source file: <fig/A2A_bad/A2A_bad_3c_1.eps>
(epstopdf)                    date: 2015-11-02 11:36:13
(epstopdf)                    size: 10433 bytes
(epstopdf)             Output file: <fig/A2A_bad/A2A_bad_3c_1-eps-converted-to.
pdf>
(epstopdf)                    date: 2015-11-02 11:36:59
(epstopdf)                    size: 4692 bytes
(epstopdf)             Command: <epstopdf --outfile=fig/A2A_bad/A2A_bad_3c_1-ep
s-converted-to.pdf fig/A2A_bad/A2A_bad_3c_1.eps>
(epstopdf)             \includegraphics on input line 139.
Package epstopdf Info: Output file is already uptodate.

<fig/A2A_bad/A2A_bad_3c_1-eps-converted-to.pdf, id=49, 420.57124pt x 316.18124p
t>
File: fig/A2A_bad/A2A_bad_3c_1-eps-converted-to.pdf Graphic file (type pdf)
 <use fig/A2A_bad/A2A_bad_3c_1-eps-converted-to.pdf>
Package pdftex.def Info: fig/A2A_bad/A2A_bad_3c_1-eps-converted-to.pdf used on 
input line 139.
(pdftex.def)             Requested size: 94.3341pt x 70.9206pt.
Package epstopdf Info: Source file: <fig/A2A_bad/A2A_bad_3c_4.eps>
(epstopdf)                    date: 2015-11-02 11:35:34
(epstopdf)                    size: 10443 bytes
(epstopdf)             Output file: <fig/A2A_bad/A2A_bad_3c_4-eps-converted-to.
pdf>
(epstopdf)                    date: 2015-11-02 11:37:00
(epstopdf)                    size: 4703 bytes
(epstopdf)             Command: <epstopdf --outfile=fig/A2A_bad/A2A_bad_3c_4-ep
s-converted-to.pdf fig/A2A_bad/A2A_bad_3c_4.eps>
(epstopdf)             \includegraphics on input line 140.
Package epstopdf Info: Output file is already uptodate.

<fig/A2A_bad/A2A_bad_3c_4-eps-converted-to.pdf, id=50, 420.57124pt x 316.18124p
t>
File: fig/A2A_bad/A2A_bad_3c_4-eps-converted-to.pdf Graphic file (type pdf)
 <use fig/A2A_bad/A2A_bad_3c_4-eps-converted-to.pdf>
Package pdftex.def Info: fig/A2A_bad/A2A_bad_3c_4-eps-converted-to.pdf used on 
input line 140.
(pdftex.def)             Requested size: 94.3341pt x 70.9206pt.
Package epstopdf Info: Source file: <fig/A2A_bad/A2A_bad_3c_5.eps>
(epstopdf)                    date: 2015-11-02 11:35:24
(epstopdf)                    size: 10435 bytes
(epstopdf)             Output file: <fig/A2A_bad/A2A_bad_3c_5-eps-converted-to.
pdf>
(epstopdf)                    date: 2015-11-02 11:37:01
(epstopdf)                    size: 4677 bytes
(epstopdf)             Command: <epstopdf --outfile=fig/A2A_bad/A2A_bad_3c_5-ep
s-converted-to.pdf fig/A2A_bad/A2A_bad_3c_5.eps>
(epstopdf)             \includegraphics on input line 141.
Package epstopdf Info: Output file is already uptodate.

<fig/A2A_bad/A2A_bad_3c_5-eps-converted-to.pdf, id=51, 420.57124pt x 316.18124p
t>
File: fig/A2A_bad/A2A_bad_3c_5-eps-converted-to.pdf Graphic file (type pdf)
 <use fig/A2A_bad/A2A_bad_3c_5-eps-converted-to.pdf>
Package pdftex.def Info: fig/A2A_bad/A2A_bad_3c_5-eps-converted-to.pdf used on 
input line 141.
(pdftex.def)             Requested size: 94.3341pt x 70.9206pt.
Package epstopdf Info: Source file: <fig/A2A_bad/A2A_bad_3c_6.eps>
(epstopdf)                    date: 2015-11-02 11:35:13
(epstopdf)                    size: 10426 bytes
(epstopdf)             Output file: <fig/A2A_bad/A2A_bad_3c_6-eps-converted-to.
pdf>
(epstopdf)                    date: 2015-11-02 11:37:02
(epstopdf)                    size: 4674 bytes
(epstopdf)             Command: <epstopdf --outfile=fig/A2A_bad/A2A_bad_3c_6-ep
s-converted-to.pdf fig/A2A_bad/A2A_bad_3c_6.eps>
(epstopdf)             \includegraphics on input line 142.
Package epstopdf Info: Output file is already uptodate.

<fig/A2A_bad/A2A_bad_3c_6-eps-converted-to.pdf, id=52, 420.57124pt x 316.18124p
t>
File: fig/A2A_bad/A2A_bad_3c_6-eps-converted-to.pdf Graphic file (type pdf)
 <use fig/A2A_bad/A2A_bad_3c_6-eps-converted-to.pdf>
Package pdftex.def Info: fig/A2A_bad/A2A_bad_3c_6-eps-converted-to.pdf used on 
input line 142.
(pdftex.def)             Requested size: 94.3341pt x 70.9206pt.
Package epstopdf Info: Source file: <fig/A2A_bad/A2A_bad_3c_7.eps>
(epstopdf)                    date: 2015-11-02 11:35:04
(epstopdf)                    size: 10439 bytes
(epstopdf)             Output file: <fig/A2A_bad/A2A_bad_3c_7-eps-converted-to.
pdf>
(epstopdf)                    date: 2015-11-02 11:37:02
(epstopdf)                    size: 4710 bytes
(epstopdf)             Command: <epstopdf --outfile=fig/A2A_bad/A2A_bad_3c_7-ep
s-converted-to.pdf fig/A2A_bad/A2A_bad_3c_7.eps>
(epstopdf)             \includegraphics on input line 143.
Package epstopdf Info: Output file is already uptodate.

<fig/A2A_bad/A2A_bad_3c_7-eps-converted-to.pdf, id=53, 420.57124pt x 316.18124p
t>
File: fig/A2A_bad/A2A_bad_3c_7-eps-converted-to.pdf Graphic file (type pdf)
 <use fig/A2A_bad/A2A_bad_3c_7-eps-converted-to.pdf>
Package pdftex.def Info: fig/A2A_bad/A2A_bad_3c_7-eps-converted-to.pdf used on 
input line 143.
(pdftex.def)             Requested size: 94.3341pt x 70.9206pt.
Package epstopdf Info: Source file: <fig/A2A_bad/A2A_bad_3c_8.eps>
(epstopdf)                    date: 2015-11-02 11:34:54
(epstopdf)                    size: 10439 bytes
(epstopdf)             Output file: <fig/A2A_bad/A2A_bad_3c_8-eps-converted-to.
pdf>
(epstopdf)                    date: 2015-11-02 11:37:03
(epstopdf)                    size: 4683 bytes
(epstopdf)             Command: <epstopdf --outfile=fig/A2A_bad/A2A_bad_3c_8-ep
s-converted-to.pdf fig/A2A_bad/A2A_bad_3c_8.eps>
(epstopdf)             \includegraphics on input line 144.
Package epstopdf Info: Output file is already uptodate.

<fig/A2A_bad/A2A_bad_3c_8-eps-converted-to.pdf, id=54, 420.57124pt x 316.18124p
t>
File: fig/A2A_bad/A2A_bad_3c_8-eps-converted-to.pdf Graphic file (type pdf)
 <use fig/A2A_bad/A2A_bad_3c_8-eps-converted-to.pdf>
Package pdftex.def Info: fig/A2A_bad/A2A_bad_3c_8-eps-converted-to.pdf used on 
input line 144.
(pdftex.def)             Requested size: 94.3341pt x 70.9206pt.
Package epstopdf Info: Source file: <fig/A2A_bad/A2A_bad_3c_9.eps>
(epstopdf)                    date: 2015-11-02 11:34:41
(epstopdf)                    size: 10333 bytes
(epstopdf)             Output file: <fig/A2A_bad/A2A_bad_3c_9-eps-converted-to.
pdf>
(epstopdf)                    date: 2015-11-02 11:37:04
(epstopdf)                    size: 4652 bytes
(epstopdf)             Command: <epstopdf --outfile=fig/A2A_bad/A2A_bad_3c_9-ep
s-converted-to.pdf fig/A2A_bad/A2A_bad_3c_9.eps>
(epstopdf)             \includegraphics on input line 145.
Package epstopdf Info: Output file is already uptodate.

<fig/A2A_bad/A2A_bad_3c_9-eps-converted-to.pdf, id=55, 420.57124pt x 316.18124p
t>
File: fig/A2A_bad/A2A_bad_3c_9-eps-converted-to.pdf Graphic file (type pdf)
 <use fig/A2A_bad/A2A_bad_3c_9-eps-converted-to.pdf>
Package pdftex.def Info: fig/A2A_bad/A2A_bad_3c_9-eps-converted-to.pdf used on 
input line 145.
(pdftex.def)             Requested size: 94.3341pt x 70.9206pt.
Package epstopdf Info: Source file: <fig/A2A_bad/A2A_bad_3c_10.eps>
(epstopdf)                    date: 2015-11-02 11:34:31
(epstopdf)                    size: 10644 bytes
(epstopdf)             Output file: <fig/A2A_bad/A2A_bad_3c_10-eps-converted-to
.pdf>
(epstopdf)                    date: 2015-11-02 11:37:05
(epstopdf)                    size: 4727 bytes
(epstopdf)             Command: <epstopdf --outfile=fig/A2A_bad/A2A_bad_3c_10-e
ps-converted-to.pdf fig/A2A_bad/A2A_bad_3c_10.eps>
(epstopdf)             \includegraphics on input line 146.
Package epstopdf Info: Output file is already uptodate.

<fig/A2A_bad/A2A_bad_3c_10-eps-converted-to.pdf, id=56, 420.57124pt x 316.18124
pt>
File: fig/A2A_bad/A2A_bad_3c_10-eps-converted-to.pdf Graphic file (type pdf)
 <use fig/A2A_bad/A2A_bad_3c_10-eps-converted-to.pdf>
Package pdftex.def Info: fig/A2A_bad/A2A_bad_3c_10-eps-converted-to.pdf used on
 input line 146.
(pdftex.def)             Requested size: 94.3341pt x 70.9206pt.
Package epstopdf Info: Source file: <fig/A2A_bad/A2A_bad3.eps>
(epstopdf)                    date: 2015-10-31 08:10:43
(epstopdf)                    size: 11527 bytes
(epstopdf)             Output file: <fig/A2A_bad/A2A_bad3-eps-converted-to.pdf>

(epstopdf)                    date: 2015-10-31 13:25:48
(epstopdf)                    size: 5248 bytes
(epstopdf)             Command: <epstopdf --outfile=fig/A2A_bad/A2A_bad3-eps-co
nverted-to.pdf fig/A2A_bad/A2A_bad3.eps>
(epstopdf)             \includegraphics on input line 151.
Package epstopdf Info: Output file is already uptodate.

<fig/A2A_bad/A2A_bad3-eps-converted-to.pdf, id=57, 420.57124pt x 316.18124pt>
File: fig/A2A_bad/A2A_bad3-eps-converted-to.pdf Graphic file (type pdf)

<use fig/A2A_bad/A2A_bad3-eps-converted-to.pdf>
Package pdftex.def Info: fig/A2A_bad/A2A_bad3-eps-converted-to.pdf used on inpu
t line 151.
(pdftex.def)             Requested size: 94.3341pt x 70.9206pt.
Package epstopdf Info: Source file: <fig/A2A_bad/A2A_bad2.eps>
(epstopdf)                    date: 2015-10-31 08:10:32
(epstopdf)                    size: 10640 bytes
(epstopdf)             Output file: <fig/A2A_bad/A2A_bad2-eps-converted-to.pdf>

(epstopdf)                    date: 2015-10-31 13:25:47
(epstopdf)                    size: 4743 bytes
(epstopdf)             Command: <epstopdf --outfile=fig/A2A_bad/A2A_bad2-eps-co
nverted-to.pdf fig/A2A_bad/A2A_bad2.eps>
(epstopdf)             \includegraphics on input line 152.
Package epstopdf Info: Output file is already uptodate.

<fig/A2A_bad/A2A_bad2-eps-converted-to.pdf, id=58, 420.57124pt x 316.18124pt>
File: fig/A2A_bad/A2A_bad2-eps-converted-to.pdf Graphic file (type pdf)

<use fig/A2A_bad/A2A_bad2-eps-converted-to.pdf>
Package pdftex.def Info: fig/A2A_bad/A2A_bad2-eps-converted-to.pdf used on inpu
t line 152.
(pdftex.def)             Requested size: 94.3341pt x 70.9206pt.
Package epstopdf Info: Source file: <fig/A2A_bad/A2A_bad1.eps>
(epstopdf)                    date: 2015-10-31 08:10:21
(epstopdf)                    size: 10649 bytes
(epstopdf)             Output file: <fig/A2A_bad/A2A_bad1-eps-converted-to.pdf>

(epstopdf)                    date: 2015-10-31 13:24:41
(epstopdf)                    size: 4713 bytes
(epstopdf)             Command: <epstopdf --outfile=fig/A2A_bad/A2A_bad1-eps-co
nverted-to.pdf fig/A2A_bad/A2A_bad1.eps>
(epstopdf)             \includegraphics on input line 153.
Package epstopdf Info: Output file is already uptodate.

<fig/A2A_bad/A2A_bad1-eps-converted-to.pdf, id=59, 420.57124pt x 316.18124pt>
File: fig/A2A_bad/A2A_bad1-eps-converted-to.pdf Graphic file (type pdf)

<use fig/A2A_bad/A2A_bad1-eps-converted-to.pdf>
Package pdftex.def Info: fig/A2A_bad/A2A_bad1-eps-converted-to.pdf used on inpu
t line 153.
(pdftex.def)             Requested size: 94.3341pt x 70.9206pt.
Package epstopdf Info: Source file: <fig/A2A_bad/A2A_bad4.eps>
(epstopdf)                    date: 2015-10-31 08:10:53
(epstopdf)                    size: 10335 bytes
(epstopdf)             Output file: <fig/A2A_bad/A2A_bad4-eps-converted-to.pdf>

(epstopdf)                    date: 2015-10-31 13:25:49
(epstopdf)                    size: 4647 bytes
(epstopdf)             Command: <epstopdf --outfile=fig/A2A_bad/A2A_bad4-eps-co
nverted-to.pdf fig/A2A_bad/A2A_bad4.eps>
(epstopdf)             \includegraphics on input line 154.
Package epstopdf Info: Output file is already uptodate.

<fig/A2A_bad/A2A_bad4-eps-converted-to.pdf, id=60, 420.57124pt x 316.18124pt>
File: fig/A2A_bad/A2A_bad4-eps-converted-to.pdf Graphic file (type pdf)

<use fig/A2A_bad/A2A_bad4-eps-converted-to.pdf>
Package pdftex.def Info: fig/A2A_bad/A2A_bad4-eps-converted-to.pdf used on inpu
t line 154.
(pdftex.def)             Requested size: 94.3341pt x 70.9206pt.
Package epstopdf Info: Source file: <fig/A2A_bad/A2A_bad5.eps>
(epstopdf)                    date: 2015-10-31 08:11:02
(epstopdf)                    size: 10434 bytes
(epstopdf)             Output file: <fig/A2A_bad/A2A_bad5-eps-converted-to.pdf>

(epstopdf)                    date: 2015-10-31 13:25:49
(epstopdf)                    size: 4691 bytes
(epstopdf)             Command: <epstopdf --outfile=fig/A2A_bad/A2A_bad5-eps-co
nverted-to.pdf fig/A2A_bad/A2A_bad5.eps>
(epstopdf)             \includegraphics on input line 155.
Package epstopdf Info: Output file is already uptodate.

<fig/A2A_bad/A2A_bad5-eps-converted-to.pdf, id=61, 420.57124pt x 316.18124pt>
File: fig/A2A_bad/A2A_bad5-eps-converted-to.pdf Graphic file (type pdf)

<use fig/A2A_bad/A2A_bad5-eps-converted-to.pdf>
Package pdftex.def Info: fig/A2A_bad/A2A_bad5-eps-converted-to.pdf used on inpu
t line 155.
(pdftex.def)             Requested size: 94.3341pt x 70.9206pt.
Package epstopdf Info: Source file: <fig/A2A_bad/A2A_bad6.eps>
(epstopdf)                    date: 2015-10-31 08:11:13
(epstopdf)                    size: 10430 bytes
(epstopdf)             Output file: <fig/A2A_bad/A2A_bad6-eps-converted-to.pdf>

(epstopdf)                    date: 2015-11-02 11:06:12
(epstopdf)                    size: 4693 bytes
(epstopdf)             Command: <epstopdf --outfile=fig/A2A_bad/A2A_bad6-eps-co
nverted-to.pdf fig/A2A_bad/A2A_bad6.eps>
(epstopdf)             \includegraphics on input line 156.
Package epstopdf Info: Output file is already uptodate.

<fig/A2A_bad/A2A_bad6-eps-converted-to.pdf, id=62, 420.57124pt x 316.18124pt>
File: fig/A2A_bad/A2A_bad6-eps-converted-to.pdf Graphic file (type pdf)

<use fig/A2A_bad/A2A_bad6-eps-converted-to.pdf>
Package pdftex.def Info: fig/A2A_bad/A2A_bad6-eps-converted-to.pdf used on inpu
t line 156.
(pdftex.def)             Requested size: 94.3341pt x 70.9206pt.
Package epstopdf Info: Source file: <fig/A2A_bad/A2A_bad7.eps>
(epstopdf)                    date: 2015-10-31 08:11:22
(epstopdf)                    size: 10435 bytes
(epstopdf)             Output file: <fig/A2A_bad/A2A_bad7-eps-converted-to.pdf>

(epstopdf)                    date: 2015-10-31 13:25:50
(epstopdf)                    size: 4685 bytes
(epstopdf)             Command: <epstopdf --outfile=fig/A2A_bad/A2A_bad7-eps-co
nverted-to.pdf fig/A2A_bad/A2A_bad7.eps>
(epstopdf)             \includegraphics on input line 157.
Package epstopdf Info: Output file is already uptodate.

<fig/A2A_bad/A2A_bad7-eps-converted-to.pdf, id=63, 420.57124pt x 316.18124pt>
File: fig/A2A_bad/A2A_bad7-eps-converted-to.pdf Graphic file (type pdf)

<use fig/A2A_bad/A2A_bad7-eps-converted-to.pdf>
Package pdftex.def Info: fig/A2A_bad/A2A_bad7-eps-converted-to.pdf used on inpu
t line 157.
(pdftex.def)             Requested size: 94.3341pt x 70.9206pt.
Package epstopdf Info: Source file: <fig/A2A_bad/A2A_bad8.eps>
(epstopdf)                    date: 2015-10-31 08:11:32
(epstopdf)                    size: 10330 bytes
(epstopdf)             Output file: <fig/A2A_bad/A2A_bad8-eps-converted-to.pdf>

(epstopdf)                    date: 2015-10-31 13:25:51
(epstopdf)                    size: 4639 bytes
(epstopdf)             Command: <epstopdf --outfile=fig/A2A_bad/A2A_bad8-eps-co
nverted-to.pdf fig/A2A_bad/A2A_bad8.eps>
(epstopdf)             \includegraphics on input line 158.
Package epstopdf Info: Output file is already uptodate.

<fig/A2A_bad/A2A_bad8-eps-converted-to.pdf, id=64, 420.57124pt x 316.18124pt>
File: fig/A2A_bad/A2A_bad8-eps-converted-to.pdf Graphic file (type pdf)

<use fig/A2A_bad/A2A_bad8-eps-converted-to.pdf>
Package pdftex.def Info: fig/A2A_bad/A2A_bad8-eps-converted-to.pdf used on inpu
t line 158.
(pdftex.def)             Requested size: 94.3341pt x 70.9206pt.
Package epstopdf Info: Source file: <fig/A2A_bad/A2A_bad9.eps>
(epstopdf)                    date: 2015-10-31 08:11:42
(epstopdf)                    size: 10640 bytes
(epstopdf)             Output file: <fig/A2A_bad/A2A_bad9-eps-converted-to.pdf>

(epstopdf)                    date: 2015-10-31 13:25:52
(epstopdf)                    size: 4732 bytes
(epstopdf)             Command: <epstopdf --outfile=fig/A2A_bad/A2A_bad9-eps-co
nverted-to.pdf fig/A2A_bad/A2A_bad9.eps>
(epstopdf)             \includegraphics on input line 159.
Package epstopdf Info: Output file is already uptodate.

<fig/A2A_bad/A2A_bad9-eps-converted-to.pdf, id=65, 420.57124pt x 316.18124pt>
File: fig/A2A_bad/A2A_bad9-eps-converted-to.pdf Graphic file (type pdf)

<use fig/A2A_bad/A2A_bad9-eps-converted-to.pdf>
Package pdftex.def Info: fig/A2A_bad/A2A_bad9-eps-converted-to.pdf used on inpu
t line 159.
(pdftex.def)             Requested size: 94.3341pt x 70.9206pt.
Package epstopdf Info: Source file: <fig/A2A_bad/A2A_bad10.eps>
(epstopdf)                    date: 2015-10-31 08:11:53
(epstopdf)                    size: 10642 bytes
(epstopdf)             Output file: <fig/A2A_bad/A2A_bad10-eps-converted-to.pdf
>
(epstopdf)                    date: 2015-10-31 13:25:53
(epstopdf)                    size: 4718 bytes
(epstopdf)             Command: <epstopdf --outfile=fig/A2A_bad/A2A_bad10-eps-c
onverted-to.pdf fig/A2A_bad/A2A_bad10.eps>
(epstopdf)             \includegraphics on input line 160.
Package epstopdf Info: Output file is already uptodate.

<fig/A2A_bad/A2A_bad10-eps-converted-to.pdf, id=66, 420.57124pt x 316.18124pt>
File: fig/A2A_bad/A2A_bad10-eps-converted-to.pdf Graphic file (type pdf)

<use fig/A2A_bad/A2A_bad10-eps-converted-to.pdf>
Package pdftex.def Info: fig/A2A_bad/A2A_bad10-eps-converted-to.pdf used on inp
ut line 160.
(pdftex.def)             Requested size: 94.3341pt x 70.9206pt.
)
(D:\LaTex_Files\Gama-Opt\gama_con.tex) (D:\LaTex_Files\Gama-Opt\appd.tex
[7 <D:/LaTex_Files/Gama-Opt/fig/A2A_horse-eps-converted-to.pdf> <D:/LaTex_Files
/Gama-Opt/fig/A2A_gama-eps-converted-to.pdf> <D:/LaTex_Files/Gama-Opt/fig/A2C_h
orse-eps-converted-to.pdf> <D:/LaTex_Files/Gama-Opt/fig/A2C_gama-eps-converted-
to.pdf>] (D:\LaTex_Files\Gama-Opt\theorem2.tex
Underfull \hbox (badness 5756) in paragraph at lines 8--10
\OT1/ptm/m/n/10 Let $\OT1/cmr/m/n/10 []$ \OT1/ptm/m/n/10 be the sub-gradient f
or $\OML/cmm/m/it/10 J\OT1/cmr/m/n/10 (\OML/cmm/m/it/10 []\OT1/cmr/m/n/10 )$ \
OT1/ptm/m/n/10 and $\OML/cmm/m/it/10 [] \OT1/cmr/m/n/10 =$
 []

) (D:\LaTex_Files\Gama-Opt\theorem.tex
** ATTENTION: \proof is deprecated (line 5). Use \IEEEproof instead.
[8 <D:/LaTex_Files/Gama-Opt/fig/A2A_bad/A2A_bad_3c_3-eps-converted-to.pdf> <D:/
LaTex_Files/Gama-Opt/fig/A2A_bad/A2A_bad_3c_2-eps-converted-to.pdf> <D:/LaTex_F
iles/Gama-Opt/fig/A2A_bad/A2A_bad_3c_1-eps-converted-to.pdf> <D:/LaTex_Files/Ga
ma-Opt/fig/A2A_bad/A2A_bad_3c_4-eps-converted-to.pdf> <D:/LaTex_Files/Gama-Opt/
fig/A2A_bad/A2A_bad_3c_5-eps-converted-to.pdf> <D:/LaTex_Files/Gama-Opt/fig/A2A
_bad/A2A_bad_3c_6-eps-converted-to.pdf> <D:/LaTex_Files/Gama-Opt/fig/A2A_bad/A2
A_bad_3c_7-eps-converted-to.pdf> <D:/LaTex_Files/Gama-Opt/fig/A2A_bad/A2A_bad_3
c_8-eps-converted-to.pdf> <D:/LaTex_Files/Gama-Opt/fig/A2A_bad/A2A_bad_3c_9-eps
-converted-to.pdf> <D:/LaTex_Files/Gama-Opt/fig/A2A_bad/A2A_bad_3c_10-eps-conve
rted-to.pdf> <D:/LaTex_Files/Gama-Opt/fig/A2A_bad/A2A_bad3-eps-converted-to.pdf
> <D:/LaTex_Files/Gama-Opt/fig/A2A_bad/A2A_bad2-eps-converted-to.pdf> <D:/LaTex
_Files/Gama-Opt/fig/A2A_bad/A2A_bad1-eps-converted-to.pdf> <D:/LaTex_Files/Gama
-Opt/fig/A2A_bad/A2A_bad4-eps-converted-to.pdf> <D:/LaTex_Files/Gama-Opt/fig/A2
A_bad/A2A_bad5-eps-converted-to.pdf> <D:/LaTex_Files/Gama-Opt/fig/A2A_bad/A2A_b
ad6-eps-converted-to.pdf> <D:/LaTex_Files/Gama-Opt/fig/A2A_bad/A2A_bad7-eps-con
verted-to.pdf> <D:/LaTex_Files/Gama-Opt/fig/A2A_bad/A2A_bad8-eps-converted-to.p
df> <D:/LaTex_Files/Gama-Opt/fig/A2A_bad/A2A_bad9-eps-converted-to.pdf> <D:/LaT
ex_Files/Gama-Opt/fig/A2A_bad/A2A_bad10-eps-converted-to.pdf>]))
(D:\LaTex_Files\Gama-Opt\gama_opt.bbl [9])

** Conference Paper **
Before submitting the final camera ready copy, remember to:

 1. Manually equalize the lengths of two columns on the last page
 of your paper;

 2. Ensure that any PostScript and/or PDF output post-processing
 uses only Type 1 fonts and that every step in the generation
 process uses the appropriate paper size.

[10

] (D:\LaTex_Files\Gama-Opt\gama_opt.aux)

LaTeX Warning: There were multiply-defined labels.

 ) 
Here is how much of TeX's memory you used:
 5026 strings out of 493921
 78348 string characters out of 3152883
 240787 words of memory out of 3000000
 8178 multiletter control sequences out of 15000+200000
 45438 words of font info for 90 fonts, out of 3000000 for 9000
 844 hyphenation exceptions out of 8191
 44i,21n,47p,1503b,767s stack positions out of 5000i,500n,10000p,200000b,50000s
{D:/MiKTeX 2.9/fonts/enc/dvips/fontname/8r.enc}<D:/MiKTeX 2.9/fonts/type1/pub
lic/amsfonts/cmextra/cmbsy5.pfb><D:/MiKTeX 2.9/fonts/type1/public/amsfonts/cm/c
mbx10.pfb><D:/MiKTeX 2.9/fonts/type1/public/amsfonts/cm/cmbx7.pfb><D:/MiKTeX 2.
9/fonts/type1/public/amsfonts/cm/cmex10.pfb><D:/MiKTeX 2.9/fonts/type1/public/a
msfonts/cm/cmmi10.pfb><D:/MiKTeX 2.9/fonts/type1/public/amsfonts/cm/cmmi5.pfb><
D:/MiKTeX 2.9/fonts/type1/public/amsfonts/cm/cmmi7.pfb><D:/MiKTeX 2.9/fonts/typ
e1/public/amsfonts/cm/cmmib10.pfb><D:/MiKTeX 2.9/fonts/type1/public/amsfonts/cm
extra/cmmib5.pfb><D:/MiKTeX 2.9/fonts/type1/public/amsfonts/cmextra/cmmib7.pfb>
<D:/MiKTeX 2.9/fonts/type1/public/amsfonts/cm/cmr10.pfb><D:/MiKTeX 2.9/fonts/ty
pe1/public/amsfonts/cm/cmr5.pfb><D:/MiKTeX 2.9/fonts/type1/public/amsfonts/cm/c
mr7.pfb><D:/MiKTeX 2.9/fonts/type1/public/amsfonts/cm/cmsy10.pfb><D:/MiKTeX 2.9
/fonts/type1/public/amsfonts/cm/cmsy5.pfb><D:/MiKTeX 2.9/fonts/type1/public/ams
fonts/cm/cmsy7.pfb><D:/MiKTeX 2.9/fonts/type1/urw/times/utmb8a.pfb><D:/MiKTeX 2
.9/fonts/type1/urw/times/utmbi8a.pfb><D:/MiKTeX 2.9/fonts/type1/urw/times/utmr8
a.pfb><D:/MiKTeX 2.9/fonts/type1/urw/times/utmri8a.pfb>
Output written on gama_opt.pdf (10 pages, 600029 bytes).
PDF statistics:
 225 PDF objects out of 1000 (max. 8388607)
 0 named destinations out of 1000 (max. 500000)
 136 words of extra memory for PDF output out of 10000 (max. 10000000)

